<?xml version="1.0" encoding="UTF-8"?>
<testng-results ignored="0" total="1" passed="1" failed="0" skipped="0">
  <reporter-output>
  </reporter-output>
  <suite started-at="2023-12-02T10:14:03 IST" name="Default suite" finished-at="2023-12-02T10:14:17 IST" duration-ms="14043">
    <groups>
    </groups>
    <test started-at="2023-12-02T10:14:03 IST" name="Default test" finished-at="2023-12-02T10:14:17 IST" duration-ms="14043">
      <class name="scs.DatadrivenExample">
        <test-method is-config="true" signature="beforeTestMethod()[pri:0, instance:scs.DatadrivenExample@290222c1]" started-at="2023-12-02T10:14:03 IST" name="beforeTestMethod" finished-at="2023-12-02T10:14:08 IST" duration-ms="5064" status="PASS">
          <reporter-output>
          </reporter-output>
        </test-method> <!-- beforeTestMethod -->
        <test-method signature="testMethod()[pri:0, instance:scs.DatadrivenExample@290222c1]" started-at="2023-12-02T10:14:09 IST" name="testMethod" finished-at="2023-12-02T10:14:17 IST" duration-ms="8922" status="PASS">
          <reporter-output>
          </reporter-output>
        </test-method> <!-- testMethod -->
        <test-method is-config="true" signature="afterTestMethod()[pri:0, instance:scs.DatadrivenExample@290222c1]" started-at="2023-12-02T10:14:17 IST" name="afterTestMethod" finished-at="2023-12-02T10:14:17 IST" duration-ms="1" status="PASS">
          <reporter-output>
          </reporter-output>
        </test-method> <!-- afterTestMethod -->
      </class> <!-- scs.DatadrivenExample -->
    </test> <!-- Default test -->
  </suite> <!-- Default suite -->
</testng-results>
